sess has been restored from ../ddpg_chkp/oscillator/10/240200280240200/model.chkp
min reward: -900
sess has been saved to ../ddpg_chkp/oscillator/10/240200280240200/final_model.chkp
train run time: 0.168529033661 s
[[-0.11475054]
 [ 0.0043186 ]
 [-0.10827649]
 [-0.07972957]
 [-0.04021322]
 [-0.00027808]
 [ 0.03174479]
 [ 0.05070418]
 [ 0.0557899 ]
 [ 0.05017439]]
313/5000: start from [[ 2.42023130e-01]
 [-7.01336014e-02]
 [ 7.17013106e-02]
 [ 9.20163936e-03]
 [ 6.37301698e-04]
 [ 2.49586180e-05]
 [ 5.22681060e-07]
 [ 4.56768078e-09]
 [ 0.00000000e+00]
 [ 0.00000000e+00]], terminal at step 134
[[-0.11475054]
 [ 0.0043186 ]
 [-0.10827649]
 [-0.07972957]
 [-0.04021322]
 [-0.00027808]
 [ 0.03174479]
 [ 0.05070418]
 [ 0.0557899 ]
 [ 0.05017439]]
[[-0.11837144]
 [-0.00190809]
 [-0.09841433]
 [-0.06361434]
 [-0.02452598]
 [ 0.01217025]
 [ 0.04032796]
 [ 0.05562748]
 [ 0.05770529]
 [ 0.05002861]]
324/5000: start from [[2.03041115e-01]
 [3.18170727e-02]
 [1.14598076e-01]
 [3.17181923e-02]
 [5.43896757e-03]
 [6.35259416e-04]
 [5.30038503e-05]
 [3.23319010e-06]
 [1.45136578e-07]
 [4.75584000e-09]], terminal at step 125
[[-0.11837144]
 [-0.00190809]
 [-0.09841433]
 [-0.06361434]
 [-0.02452598]
 [ 0.01217025]
 [ 0.04032796]
 [ 0.05562748]
 [ 0.05770529]
 [ 0.05002861]]
[[-0.11712616]
 [ 0.00621673]
 [-0.10171987]
 [-0.06867645]
 [-0.02934912]
 [ 0.00825441]
 [ 0.03749945]
 [ 0.05391713]
 [ 0.05699031]
 [ 0.05003566]]
487/5000: start from [[1.94288776e-01]
 [2.95576005e-02]
 [1.19285947e-01]
 [3.59406870e-02]
 [6.76762129e-03]
 [8.77342165e-04]
 [8.22941198e-05]
 [5.73406601e-06]
 [3.00184457e-07]
 [1.18002103e-08]], terminal at step 125
[[-0.11712616]
 [ 0.00621673]
 [-0.10171987]
 [-0.06867645]
 [-0.02934912]
 [ 0.00825441]
 [ 0.03749945]
 [ 0.05391713]
 [ 0.05699031]
 [ 0.05003566]]
[[-0.11943546]
 [-0.01276523]
 [-0.10564979]
 [-0.07239658]
 [-0.03183917]
 [ 0.00710141]
 [ 0.03729642]
 [ 0.05417404]
 [ 0.057339  ]
 [ 0.05029433]]
982/5000: start from [[ 2.60161678e-01]
 [-8.31880827e-02]
 [ 5.18475649e-02]
 [ 4.01741440e-03]
 [ 1.39643676e-04]
 [ 1.82707231e-06]
 [ 0.00000000e+00]
 [ 0.00000000e+00]
 [ 0.00000000e+00]
 [ 0.00000000e+00]], terminal at step 134
[[-0.11943546]
 [-0.01276523]
 [-0.10564979]
 [-0.07239658]
 [-0.03183917]
 [ 0.00710141]
 [ 0.03729642]
 [ 0.05417404]
 [ 0.057339  ]
 [ 0.05029433]]
[[-0.09720362]
 [ 0.04043292]
 [-0.10619214]
 [-0.09284284]
 [-0.06218678]
 [-0.02391059]
 [ 0.01179158]
 [ 0.0373837 ]
 [ 0.04970518]
 [ 0.05000149]]
1382/5000: start from [[ 2.16013453e-01]
 [-5.42913071e-02]
 [ 9.46973032e-02]
 [ 1.93283743e-02]
 [ 2.33320320e-03]
 [ 1.82197957e-04]
 [ 9.51788611e-06]
 [ 3.32167029e-07]
 [ 7.46227959e-09]
 [ 9.78798581e-11]], terminal at step 140
[[-0.09720362]
 [ 0.04043292]
 [-0.10619214]
 [-0.09284284]
 [-0.06218678]
 [-0.02391059]
 [ 0.01179158]
 [ 0.0373837 ]
 [ 0.04970518]
 [ 0.05000149]]
[[-0.11248085]
 [ 0.02290333]
 [-0.10542434]
 [-0.07759479]
 [-0.03947341]
 [-0.00081324]
 [ 0.03058176]
 [ 0.04963525]
 [ 0.055254  ]
 [ 0.05023026]]
1683/5000: start from [[1.84799994e-01]
 [3.26297091e-02]
 [1.22757156e-01]
 [4.00200885e-02]
 [8.20839169e-03]
 [1.16931902e-03]
 [1.21783038e-04]
 [9.54146838e-06]
 [5.70648447e-07]
 [2.61630958e-08]], terminal at step 127
[[-0.11248085]
 [ 0.02290333]
 [-0.10542434]
 [-0.07759479]
 [-0.03947341]
 [-0.00081324]
 [ 0.03058176]
 [ 0.04963525]
 [ 0.055254  ]
 [ 0.05023026]]
[[-0.11187869]
 [ 0.01283284]
 [-0.10869109]
 [-0.08285118]
 [-0.04434415]
 [-0.00415084]
 [ 0.0287421 ]
 [ 0.04877197]
 [ 0.05486531]
 [ 0.05001347]]
1720/5000: start from [[ 2.33177577e-01]
 [-6.43971705e-02]
 [ 8.02174015e-02]
 [ 1.23266229e-02]
 [ 1.06551858e-03]
 [ 5.55757720e-05]
 [ 1.74447791e-06]
 [ 3.04733498e-08]
 [ 2.28384039e-10]
 [ 0.00000000e+00]], terminal at step 134
[[-0.11187869]
 [ 0.01283284]
 [-0.10869109]
 [-0.08285118]
 [-0.04434415]
 [-0.00415084]
 [ 0.0287421 ]
 [ 0.04877197]
 [ 0.05486531]
 [ 0.05001347]]
[[-0.11855075]
 [-0.01298089]
 [-0.09284897]
 [-0.05696515]
 [-0.01887043]
 [ 0.01650791]
 [ 0.04339479]
 [ 0.05749895]
 [ 0.05854533]
 [ 0.05012273]]
2165/5000: start from [[2.12647455e-01]
 [3.10962291e-02]
 [1.09437583e-01]
 [2.76276980e-02]
 [4.27113965e-03]
 [4.43897298e-04]
 [3.24305109e-05]
 [1.69648901e-06]
 [6.34864504e-08]
 [1.66475524e-09]], terminal at step 125
[[-0.11855075]
 [-0.01298089]
 [-0.09284897]
 [-0.05696515]
 [-0.01887043]
 [ 0.01650791]
 [ 0.04339479]
 [ 0.05749895]
 [ 0.05854533]
 [ 0.05012273]]
[[-0.10796219]
 [ 0.03518522]
 [-0.10633068]
 [-0.08295329]
 [-0.04661049]
 [-0.00761955]
 [ 0.02522559]
 [ 0.04617371]
 [ 0.05364548]
 [ 0.05006196]]
2306/5000: start from [[1.76162833e-01]
 [3.27657483e-02]
 [1.25859298e-01]
 [4.41569419e-02]
 [9.79897653e-03]
 [1.52127266e-03]
 [1.74159838e-04]
 [1.51535469e-05]
 [1.01918944e-06]
 [5.33873633e-08]], terminal at step 128
[[-0.10796219]
 [ 0.03518522]
 [-0.10633068]
 [-0.08295329]
 [-0.04661049]
 [-0.00761955]
 [ 0.02522559]
 [ 0.04617371]
 [ 0.05364548]
 [ 0.05006196]]
[[-0.10874856]
 [ 0.02564299]
 [-0.10748073]
 [-0.0839165 ]
 [-0.04702683]
 [-0.00748714]
 [ 0.02565038]
 [ 0.04658312]
 [ 0.05384836]
 [ 0.05003039]]
2472/5000: start from [[ 1.98889142e-01]
 [-1.69450612e-02]
 [ 1.10064977e-01]
 [ 3.04041756e-02]
 [ 5.20863057e-03]
 [ 6.08011675e-04]
 [ 5.07115132e-05]
 [ 3.09254774e-06]
 [ 1.38796170e-07]
 [ 4.54739471e-09]], terminal at step 131
[[-0.10874856]
 [ 0.02564299]
 [-0.10748073]
 [-0.0839165 ]
 [-0.04702683]
 [-0.00748714]
 [ 0.02565038]
 [ 0.04658312]
 [ 0.05384836]
 [ 0.05003039]]
[[-0.11181494]
 [ 0.02292288]
 [-0.10623051]
 [-0.07927893]
 [-0.04116006]
 [-0.00206699]
 [ 0.02977733]
 [ 0.04913898]
 [ 0.05493344]
 [ 0.05000766]]
2499/5000: start from [[1.84635804e-01]
 [1.44192597e-02]
 [1.21955714e-01]
 [3.97190075e-02]
 [8.14361327e-03]
 [1.15984697e-03]
 [1.20779802e-04]
 [9.46194095e-06]
 [5.65851030e-07]
 [2.59416911e-08]], terminal at step 127
[[-0.11181494]
 [ 0.02292288]
 [-0.10623051]
 [-0.07927893]
 [-0.04116006]
 [-0.00206699]
 [ 0.02977733]
 [ 0.04913898]
 [ 0.05493344]
 [ 0.05000766]]
[[-0.10231069]
 [ 0.04615952]
 [-0.10597433]
 [-0.087715  ]
 [-0.05429517]
 [-0.01574771]
 [ 0.01844094]
 [ 0.04168106]
 [ 0.05161257]
 [ 0.05002789]]
2604/5000: start from [[1.68427791e-01]
 [3.03293762e-02]
 [1.28680779e-01]
 [4.83492296e-02]
 [1.15420583e-02]
 [1.93936611e-03]
 [2.42039004e-04]
 [2.31538269e-05]
 [1.72963321e-06]
 [1.01896661e-07]], terminal at step 130
[[-0.10231069]
 [ 0.04615952]
 [-0.10597433]
 [-0.087715  ]
 [-0.05429517]
 [-0.01574771]
 [ 0.01844094]
 [ 0.04168106]
 [ 0.05161257]
 [ 0.05002789]]
[[-0.11395371]
 [ 0.01841138]
 [-0.10480132]
 [-0.07542104]
 [-0.0367453 ]
 [ 0.00176917]
 [ 0.0326141 ]
 [ 0.05090917]
 [ 0.05575852]
 [ 0.05013554]]
2606/5000: start from [[1.85350533e-01]
 [2.99866406e-02]
 [1.23036088e-01]
 [4.01079500e-02]
 [8.22627458e-03]
 [1.17185612e-03]
 [1.22046522e-04]
 [9.56206870e-06]
 [5.71878535e-07]
 [2.62194226e-08]], terminal at step 126
[[-0.11395371]
 [ 0.01841138]
 [-0.10480132]
 [-0.07542104]
 [-0.0367453 ]
 [ 0.00176917]
 [ 0.0326141 ]
 [ 0.05090917]
 [ 0.05575852]
 [ 0.05013554]]
[[-0.11603537]
 [ 0.0106883 ]
 [-0.10292893]
 [-0.07118292]
 [-0.03212221]
 [ 0.0057584 ]
 [ 0.03559089]
 [ 0.05277086]
 [ 0.05659879]
 [ 0.05021392]]
2607/5000: start from [[1.93758789e-01]
 [3.23204250e-02]
 [1.19020228e-01]
 [3.58621865e-02]
 [6.75292881e-03]
 [8.75444824e-04]
 [8.21166285e-05]
 [5.72172311e-06]
 [2.99539254e-07]
 [1.17748769e-08]], terminal at step 126
[[-0.11603537]
 [ 0.0106883 ]
 [-0.10292893]
 [-0.07118292]
 [-0.03212221]
 [ 0.0057584 ]
 [ 0.03559089]
 [ 0.05277086]
 [ 0.05659879]
 [ 0.05021392]]
[[-0.11786553]
 [ 0.00063127]
 [-0.10166396]
 [-0.06813698]
 [-0.02867913]
 [ 0.00889756]
 [ 0.0380416 ]
 [ 0.05431387]
 [ 0.05723225]
 [ 0.05014907]]
2854/5000: start from [[2.02205786e-01]
 [1.19990089e-02]
 [1.13780979e-01]
 [3.14729086e-02]
 [5.39527369e-03]
 [6.30042876e-04]
 [5.25623763e-05]
 [3.20599226e-06]
 [1.43906731e-07]
 [4.71531418e-09]], terminal at step 126
[[-0.11786553]
 [ 0.00063127]
 [-0.10166396]
 [-0.06813698]
 [-0.02867913]
 [ 0.00889756]
 [ 0.0380416 ]
 [ 0.05431387]
 [ 0.05723225]
 [ 0.05014907]]
[[-0.11838304]
 [-0.01569296]
 [-0.09173922]
 [-0.05588752]
 [-0.01810372]
 [ 0.01701544]
 [ 0.0437422 ]
 [ 0.05775229]
 [ 0.05873529]
 [ 0.05026151]]
2900/5000: start from [[2.13127411e-01]
 [2.80790661e-02]
 [1.09678684e-01]
 [2.76879706e-02]
 [4.28040706e-03]
 [4.44857138e-04]
 [3.25004698e-05]
 [1.70014242e-06]
 [6.36229941e-08]
 [1.66833215e-09]], terminal at step 125
[[-0.11838304]
 [-0.01569296]
 [-0.09173922]
 [-0.05588752]
 [-0.01810372]
 [ 0.01701544]
 [ 0.0437422 ]
 [ 0.05775229]
 [ 0.05873529]
 [ 0.05026151]]
[[-0.10604245]
 [ 0.03650814]
 [-0.10669479]
 [-0.08528792]
 [-0.04983193]
 [-0.01073388]
 [ 0.02279079]
 [ 0.04463245]
 [ 0.05296099]
 [ 0.05003128]]
3642/5000: start from [[1.76296186e-01]
 [1.53166657e-02]
 [1.25089719e-01]
 [4.38308428e-02]
 [9.72238298e-03]
 [1.50903528e-03]
 [1.72733160e-04]
 [1.50278340e-05]
 [1.01065553e-06]
 [5.29371581e-08]], terminal at step 129
[[-0.10604245]
 [ 0.03650814]
 [-0.10669479]
 [-0.08528792]
 [-0.04983193]
 [-0.01073388]
 [ 0.02279079]
 [ 0.04463245]
 [ 0.05296099]
 [ 0.05003128]]
[[-0.10634093]
 [ 0.02487231]
 [-0.10847733]
 [-0.08775276]
 [-0.05201722]
 [-0.01211685]
 [ 0.02220757]
 [ 0.04455972]
 [ 0.05308679]
 [ 0.05015914]]
4038/5000: start from [[ 2.24503268e-01]
 [-5.91292941e-02]
 [ 8.78654103e-02]
 [ 1.57211619e-02]
 [ 1.62857380e-03]
 [ 1.06072913e-04]
 [ 4.43604261e-06]
 [ 1.16173578e-07]
 [ 1.74063232e-09]
 [ 1.14192020e-11]], terminal at step 136
[[-0.10634093]
 [ 0.02487231]
 [-0.10847733]
 [-0.08775276]
 [-0.05201722]
 [-0.01211685]
 [ 0.02220757]
 [ 0.04455972]
 [ 0.05308679]
 [ 0.05015914]]
[[-0.11727577]
 [-0.00424885]
 [-0.10725986]
 [-0.07621516]
 [-0.03602104]
 [ 0.00348067]
 [ 0.0345961 ]
 [ 0.05250321]
 [ 0.05661326]
 [ 0.05026729]]
4100/5000: start from [[ 2.51024070e-01]
 [-7.63814180e-02]
 [ 6.22632706e-02]
 [ 6.40892193e-03]
 [ 3.33532213e-04]
 [ 8.71790250e-06]
 [ 9.13536157e-08]
 [ 0.00000000e+00]
 [ 0.00000000e+00]
 [ 0.00000000e+00]], terminal at step 134
[[-0.11727577]
 [-0.00424885]
 [-0.10725986]
 [-0.07621516]
 [-0.03602104]
 [ 0.00348067]
 [ 0.0345961 ]
 [ 0.05250321]
 [ 0.05661326]
 [ 0.05026729]]
[[-0.09983881]
 [ 0.04206197]
 [-0.10619585]
 [-0.09033953]
 [-0.05822944]
 [-0.01979333]
 [ 0.01513138]
 [ 0.0395237 ]
 [ 0.05065178]
 [ 0.05003268]]
4150/5000: start from [[ 1.90568140e-01]
 [-1.44310716e-02]
 [ 1.14506185e-01]
 [ 3.43872157e-02]
 [ 6.46840782e-03]
 [ 8.38042620e-04]
 [ 7.85765213e-05]
 [ 5.47349601e-06]
 [ 2.86483749e-07]
 [ 1.12598335e-08]], terminal at step 135
[[-0.09983881]
 [ 0.04206197]
 [-0.10619585]
 [-0.09033953]
 [-0.05822944]
 [-0.01979333]
 [ 0.01513138]
 [ 0.0395237 ]
 [ 0.05065178]
 [ 0.05003268]]
[[-0.10978248]
 [ 0.03056895]
 [-0.10623406]
 [-0.08113452]
 [-0.04394653]
 [-0.00493162]
 [ 0.02741302]
 [ 0.04759896]
 [ 0.05427734]
 [ 0.05005978]]
4346/5000: start from [[1.76731192e-01]
 [3.02376814e-02]
 [1.26151810e-01]
 [4.42543569e-02]
 [9.82035835e-03]
 [1.52457704e-03]
 [1.74537002e-04]
 [1.51862914e-05]
 [1.02138804e-06]
 [5.35023782e-08]], terminal at step 127
[[-0.10978248]
 [ 0.03056895]
 [-0.10623406]
 [-0.08113452]
 [-0.04394653]
 [-0.00493162]
 [ 0.02741302]
 [ 0.04759896]
 [ 0.05427734]
 [ 0.05005978]]
[[-0.11484619]
 [ 0.01279203]
 [-0.10495174]
 [-0.074951  ]
 [-0.0360277 ]
 [ 0.00249861]
 [ 0.03324234]
 [ 0.05137939]
 [ 0.05605664]
 [ 0.05028679]]
4470/5000: start from [[1.93272122e-01]
 [1.33204919e-02]
 [1.18202219e-01]
 [3.55883121e-02]
 [6.69915544e-03]
 [8.68304417e-04]
 [8.14364013e-05]
 [5.67381146e-06]
 [2.97011008e-07]
 [1.16748850e-08]], terminal at step 127
[[-0.11484619]
 [ 0.01279203]
 [-0.10495174]
 [-0.074951  ]
 [-0.0360277 ]
 [ 0.00249861]
 [ 0.03324234]
 [ 0.05137939]
 [ 0.05605664]
 [ 0.05028679]]
[[-0.11911688]
 [-0.01014485]
 [-0.09737925]
 [-0.06204509]
 [-0.02311385]
 [ 0.01329675]
 [ 0.04118899]
 [ 0.05624782]
 [ 0.05811209]
 [ 0.05026391]]
4515/5000: start from [[2.11436012e-01]
 [1.04309181e-02]
 [1.08641240e-01]
 [2.74114175e-02]
 [4.23652928e-03]
 [4.40227803e-04]
 [3.21589328e-05]
 [1.68215329e-06]
 [6.29463861e-08]
 [1.65052092e-09]], terminal at step 126
[[-0.11911688]
 [-0.01014485]
 [-0.09737925]
 [-0.06204509]
 [-0.02311385]
 [ 0.01329675]
 [ 0.04118899]
 [ 0.05624782]
 [ 0.05811209]
 [ 0.05026391]]
[[-0.118557  ]
 [-0.00473858]
 [-0.09758426]
 [-0.06256818]
 [-0.02368761]
 [ 0.01275837]
 [ 0.04073663]
 [ 0.05592074]
 [ 0.05791937]
 [ 0.05018158]]
4924/5000: start from [[2.03547637e-01]
 [2.89295967e-02]
 [1.14851121e-01]
 [3.17875063e-02]
 [5.45078524e-03]
 [6.36634634e-04]
 [5.31183032e-05]
 [3.24015879e-06]
 [1.45448965e-07]
 [4.76606524e-09]], terminal at step 125
[[-0.118557  ]
 [-0.00473858]
 [-0.09758426]
 [-0.06256818]
 [-0.02368761]
 [ 0.01275837]
 [ 0.04073663]
 [ 0.05592074]
 [ 0.05791937]
 [ 0.05018158]]
Test step: 5000
,            Sample Size: 5000
            starting from shield state, fail time: 24.0
,             ratio: 0.0048            
