sess has been restored from ../ddpg_chkp/oscillator/10/240200280240200/model.chkp
min reward: -900
sess has been saved to ../ddpg_chkp/oscillator/10/240200280240200/final_model.chkp
train run time: 0.363392829895 s
----ep: 0 ----
[[-0.10824263]
 [ 0.01789006]
 [-0.10925492]
 [-0.08713912]
 [-0.05036095]
 [-0.01002767]
 [ 0.02414783]
 [ 0.04593819]
 [ 0.05374083]
 [ 0.05017424]]
initial state:
[[ 0.28680965]
 [-0.09102883]
 [ 0.        ]
 [ 0.        ]
 [ 0.        ]
 [ 0.        ]
 [ 0.        ]
 [ 0.        ]
 [ 0.        ]
 [ 0.        ]] 
state at terminal step:
[[-0.10824263]
 [ 0.01789006]
 [-0.10925492]
 [-0.08713912]
 [-0.05036095]
 [-0.01002767]
 [ 0.02414783]
 [ 0.04593819]
 [ 0.05374083]
 [ 0.05017424]] 
last action:
[[-0.10159762]
 [ 0.20296727]]
----terminal step: 143 ----
----ep: 1 ----
initial state:
[[ 0.26137694]
 [-0.00071137]
 [ 0.        ]
 [ 0.        ]
 [ 0.        ]
 [ 0.        ]
 [ 0.        ]
 [ 0.        ]
 [ 0.        ]
 [ 0.        ]] 
state at terminal step:
[[-20.34558888]
 [ 42.37875647]
 [-18.8256919 ]
 [-17.15507965]
 [-15.42321451]
 [-13.71014595]
 [-12.07870533]
 [-10.57129066]
 [ -9.21074914]
 [ -8.00386428]] 
last action:
[[-47.055786]
 [ 49.7725  ]]
----terminal step: 999 ----
----ep: 2 ----
initial state:
[[ 0.22206847]
 [-0.00170399]
 [ 0.        ]
 [ 0.        ]
 [ 0.        ]
 [ 0.        ]
 [ 0.        ]
 [ 0.        ]
 [ 0.        ]
 [ 0.        ]] 
state at terminal step:
[[-0.01104328]
 [ 0.22510884]
 [-0.00947335]
 [-0.00750234]
 [-0.00549307]
 [-0.00379629]
 [-0.00268547]
 [-0.00231043]
 [-0.00267964]
 [-0.00367085]] 
last action:
[[-0.02652711]
 [ 0.21880253]]
----terminal step: 999 ----
----ep: 3 ----
