sess has been restored from ../ddpg_chkp/lanekeeping/240200280240200/model.chkp
min reward: -900
sess has been saved to ../ddpg_chkp/lanekeeping/240200280240200/final_model.chkp
train run time: 0.157973051071 s
2/546: start from [[ 0.60723229]
 [-0.15370861]
 [ 0.06737517]
 [-0.1513563 ]], terminal at step 24
[[ 0.90051669]
 [-0.19651655]
 [ 0.02749949]
 [-0.1585918 ]]
45/546: start from [[ 0.61427488]
 [-0.15303533]
 [ 0.06292944]
 [-0.14890457]], terminal at step 30
[[ 0.9007884 ]
 [-0.19001782]
 [ 0.01564231]
 [-0.14857868]]
77/546: start from [[ 0.60603094]
 [-0.15345054]
 [ 0.06737004]
 [-0.15114037]], terminal at step 25
[[ 0.90440247]
 [-0.19624838]
 [ 0.02577247]
 [-0.1574796 ]]
91/546: start from [[ 0.61327262]
 [-0.15443597]
 [ 0.06614108]
 [-0.15118999]], terminal at step 24
[[ 0.90167628]
 [-0.196747  ]
 [ 0.02788476]
 [-0.15882319]]
96/546: start from [[ 0.61002584]
 [-0.15309965]
 [ 0.06473376]
 [-0.14989195]], terminal at step 26
[[ 0.900711  ]
 [-0.19445508]
 [ 0.02389014]
 [-0.15541059]]
100/546: start from [[ 0.61169686]
 [-0.15471765]
 [ 0.06709722]
 [-0.15206333]], terminal at step 24
[[ 0.90446461]
 [-0.19771374]
 [ 0.0288767 ]
 [-0.15976578]]
111/546: start from [[-0.60539776]
 [ 0.14205284]
 [-0.06695337]
 [ 0.17261822]], terminal at step 29
[[-0.90085152]
 [ 0.16250542]
 [-0.01319403]
 [ 0.17659462]]
121/546: start from [[ 0.60387592]
 [-0.15196083]
 [ 0.06522676]
 [-0.14933764]], terminal at step 27
[[ 0.90230461]
 [-0.1939871 ]
 [ 0.0228286 ]
 [-0.15441992]]
171/546: start from [[ 0.60304993]
 [-0.15233853]
 [ 0.06638187]
 [-0.14999448]], terminal at step 28
[[ 0.90342105]
 [-0.19293747]
 [ 0.02012441]
 [-0.15249367]]
196/546: start from [[-0.60339928]
 [ 0.14410593]
 [-0.07142837]
 [ 0.17675052]], terminal at step 23
[[-0.90121006]
 [ 0.16953625]
 [-0.02669085]
 [ 0.19033301]]
220/546: start from [[-0.61314106]
 [ 0.14407207]
 [-0.06793127]
 [ 0.17566382]], terminal at step 27
[[-0.9004062 ]
 [ 0.16388608]
 [-0.01631123]
 [ 0.17930329]]
238/546: start from [[ 0.61269539]
 [-0.15375389]
 [ 0.06495474]
 [-0.15014692]], terminal at step 27
[[ 0.90352466]
 [-0.19393406]
 [ 0.02196223]
 [-0.15408771]]
315/546: start from [[ 0.61716659]
 [-0.15513452]
 [ 0.06560178]
 [-0.15154799]], terminal at step 25
[[ 0.90174373]
 [-0.19507231]
 [ 0.02503846]
 [-0.15616764]]
323/546: start from [[ 0.61280941]
 [-0.15251011]
 [ 0.06265746]
 [-0.14825167]], terminal at step 33
[[ 0.9010385 ]
 [-0.18678396]
 [ 0.00924382]
 [-0.14339262]]
344/546: start from [[ 0.61592377]
 [-0.15317599]
 [ 0.06221096]
 [-0.14861695]], terminal at step 33
[[ 0.90019443]
 [-0.18713654]
 [ 0.01081648]
 [-0.14418286]]
353/546: start from [[ 0.6070661 ]
 [-0.15105184]
 [ 0.0623576 ]
 [-0.14732171]], terminal at step 32
[[ 0.9000744 ]
 [-0.18794552]
 [ 0.01173406]
 [-0.14542319]]
375/546: start from [[ 0.61244106]
 [-0.15464965]
 [ 0.06698284]
 [-0.15178692]], terminal at step 25
[[ 0.90326055]
 [-0.19567402]
 [ 0.02512066]
 [-0.15676019]]
416/546: start from [[ 0.60666761]
 [-0.15201986]
 [ 0.06395724]
 [-0.14888755]], terminal at step 30
[[ 0.90142918]
 [-0.19062015]
 [ 0.01656735]
 [-0.14936989]]
456/546: start from [[ 0.60992488]
 [-0.15587511]
 [ 0.07003072]
 [-0.15413257]], terminal at step 23
[[ 0.9062237 ]
 [-0.19898196]
 [ 0.02980368]
 [-0.16131089]]
461/546: start from [[ 0.61131212]
 [-0.15386134]
 [ 0.06540394]
 [-0.15066223]], terminal at step 28
[[ 0.90135351]
 [-0.19199216]
 [ 0.01939252]
 [-0.15148345]]
471/546: start from [[ 0.6136443 ]
 [-0.15627061]
 [ 0.06939319]
 [-0.15394852]], terminal at step 22
[[ 0.90103272]
 [-0.19895312]
 [ 0.03243208]
 [-0.16234575]]
490/546: start from [[ 0.60621608]
 [-0.15558681]
 [ 0.0711774 ]
 [-0.15441783]], terminal at step 22
[[ 0.90681555]
 [-0.20089924]
 [ 0.03313825]
 [-0.16413131]]
521/546: start from [[ 0.60926284]
 [-0.15231061]
 [ 0.06336819]
 [-0.14865306]], terminal at step 31
[[ 0.90231754]
 [-0.18988224]
 [ 0.01498371]
 [-0.14806364]]
Test step: 5000
,            Sample Size: 546
            starting from shield state, fail time: 23.0
,             ratio: 0.0421245421245            
