sess has been restored from ../ddpg_chkp/car-platoon/discrete/4/500400300600500400300/model.chkp
min reward: -900
sess has been saved to ../ddpg_chkp/car-platoon/discrete/4/500400300600500400300/final_model.chkp
train run time: 0.214373111725 s
0/10: start from [[-0.09877733]
 [-0.09441305]
 [-0.04673112]
 [-0.05496293]
 [-0.02595194]
 [ 0.06341966]
 [-0.06675475]], terminal at step 0
[[-0.01380718]
 [-0.09908616]
 [ 0.35385902]
 [-0.05755812]
 [ 0.02954134]
 [ 0.05674419]
 [-0.04611483]]
1/10: start from [[-0.00591391]
 [-0.09908616]
 [ 0.15036096]
 [-0.05755812]
 [ 0.00940059]
 [ 0.05674419]
 [-0.08595135]], terminal at step 0
[[-0.0055328 ]
 [-0.08405006]
 [ 0.36645836]
 [-0.05661806]
 [ 0.08380693]
 [ 0.04814905]
 [-0.06682706]]
2/10: start from [[-0.08058514]
 [-0.09632957]
 [ 0.00037277]
 [-0.06642548]
 [-0.02352232]
 [-0.01474143]
 [-0.03100661]], terminal at step 0
[[-0.00259145]
 [-0.09629229]
 [ 0.37683364]
 [-0.06877771]
 [ 0.04615596]
 [-0.01784209]
 [ 0.04527932]]
3/10: start from [[ 0.05038505]
 [-0.09719039]
 [ 0.08014975]
 [-0.08015853]
 [ 0.06685223]
 [-0.01816948]
 [ 0.01331659]], terminal at step 0
[[-0.00185239]
 [-0.08917542]
 [ 0.35246082]
 [-0.07347331]
 [ 0.09897992]
 [-0.01683782]
 [ 0.02836595]]
4/10: start from [[-0.05866099]
 [-0.08764093]
 [ 0.08534851]
 [-0.04479714]
 [-0.07230004]
 [ 0.08468607]
 [-0.08846097]], terminal at step 0
[[-0.00913587]
 [-0.07910608]
 [ 0.35476349]
 [-0.05202714]
 [ 0.03773588]
 [ 0.07583997]
 [-0.09030182]]
5/10: start from [[-0.09108694]
 [-0.09848352]
 [-0.04967575]
 [-0.03180688]
 [-0.0105049 ]
 [-0.03182031]
 [-0.05774553]], terminal at step 0
[[-0.00443573]
 [-0.1034511 ]
 [ 0.36383736]
 [-0.03285737]
 [ 0.00490595]
 [-0.03759486]
 [ 0.05833361]]
6/10: start from [[-0.06095351]
 [-0.09651035]
 [ 0.01576705]
 [-0.04271511]
 [-0.01601231]
 [-0.04715561]
 [-0.02606474]], terminal at step 0
[[ 0.00375217]
 [-0.09493364]
 [ 0.3713932 ]
 [-0.04431634]
 [ 0.02513476]
 [-0.04976208]
 [ 0.09331311]]
7/10: start from [[-0.0886139 ]
 [-0.08428645]
 [-0.02852975]
 [-0.09765251]
 [-0.07737303]
 [-0.09600858]
 [ 0.05571282]], terminal at step 0
[[ 0.00357856]
 [-0.08713942]
 [ 0.36744515]
 [-0.10538981]
 [ 0.04393861]
 [-0.0904373 ]
 [ 0.17169015]]
8/10: start from [[-0.0102247 ]
 [-0.09677619]
 [ 0.00495096]
 [-0.09350456]
 [ 0.08401455]
 [ 0.00766338]
 [-0.02730047]], terminal at step 0
[[-0.00314393]
 [-0.09628109]
 [ 0.3595882 ]
 [-0.0851031 ]
 [ 0.1042277 ]
 [ 0.00493333]
 [ 0.00262206]]
9/10: start from [[ 0.01820938]
 [-0.09628109]
 [ 0.15577683]
 [-0.0851031 ]
 [ 0.06470064]
 [ 0.00493334]
 [-0.02700209]], terminal at step 0
[[-0.00098649]
 [-0.08070341]
 [ 0.36072141]
 [-0.07863304]
 [ 0.1253951 ]
 [ 0.00223313]
 [ 0.00605393]]
 
Test step: 5000
Sample Size: 10
starting from shield state
fail time: 10.0
ratio: 1.0            
