sess has been restored from ../ddpg_chkp/oscillator/18/perfect/240200280240200/model.chkp
min reward: -900
sess has been saved to ../ddpg_chkp/oscillator/18/perfect/240200280240200/final_model.chkp
train run time: 0.363556861877 s
----ep: 0 ----
initial state:
[[ 0.28680965]
 [-0.09102883]
 [ 0.        ]
 [ 0.        ]
 [ 0.        ]
 [ 0.        ]
 [ 0.        ]
 [ 0.        ]
 [ 0.        ]
 [ 0.        ]
 [ 0.        ]
 [ 0.        ]
 [ 0.        ]
 [ 0.        ]
 [ 0.        ]
 [ 0.        ]
 [ 0.        ]
 [ 0.        ]] 
state at terminal step:
[[-0.08158113]
 [ 0.07843445]
 [-0.08158103]
 [-0.08158089]
 [-0.08158072]
 [-0.08158049]
 [-0.0815802 ]
 [-0.08157982]
 [-0.08157931]
 [-0.08157857]
 [-0.08157749]
 [-0.08157585]
 [-0.08157334]
 [-0.0815695 ]
 [-0.08156367]
 [-0.08155497]
 [-0.08154215]
 [-0.08152361]] 
last action:
[[-0.1631626 ]
 [ 0.07846486]]
----terminal step: 999 ----
----ep: 1 ----
initial state:
[[ 0.26738462]
 [-0.09353989]
 [ 0.        ]
 [ 0.        ]
 [ 0.        ]
 [ 0.        ]
 [ 0.        ]
 [ 0.        ]
 [ 0.        ]
 [ 0.        ]
 [ 0.        ]
 [ 0.        ]
 [ 0.        ]
 [ 0.        ]
 [ 0.        ]
 [ 0.        ]
 [ 0.        ]
 [ 0.        ]] 
state at terminal step:
[[-0.08158116]
 [ 0.07843576]
 [-0.08158108]
 [-0.08158096]
 [-0.08158081]
 [-0.08158061]
 [-0.08158035]
 [-0.08158001]
 [-0.08157954]
 [-0.08157887]
 [-0.08157789]
 [-0.08157639]
 [-0.0815741 ]
 [-0.08157058]
 [-0.08156526]
 [-0.08155729]
 [-0.08154557]
 [-0.0815286 ]] 
last action:
[[-0.16316265]
 [ 0.078465  ]]
----terminal step: 999 ----
----ep: 2 ----
