sess has been restored from ../ddpg_chkp/perfect_model/cartpole/change_l/model.chkp
min reward: -900
sess has been saved to ../ddpg_chkp/perfect_model/cartpole/change_l/final_model.chkp
train run time: 0.203205108643 s
0/8: start from [[-0.07654257]
 [ 0.42861037]
 [ 0.04704621]
 [-0.32210584]], terminal at step 0
[[-0.06797036]
 [ 0.50615534]
 [ 0.04060409]
 [-0.40124551]]
1/8: start from [[-0.05932922]
 [ 0.49756731]
 [ 0.03429575]
 [-0.38207974]], terminal at step 0
[[-0.04937787]
 [ 0.51636684]
 [ 0.02665416]
 [-0.39606919]]
2/8: start from [[ 0.05526428]
 [ 0.48564707]
 [ 0.03356767]
 [-0.4027876 ]], terminal at step 0
[[ 0.06497722]
 [ 0.50007438]
 [ 0.02551192]
 [-0.41187801]]
3/8: start from [[ 0.04558305]
 [ 0.42792251]
 [ 0.04369892]
 [-0.34462346]], terminal at step 0
[[ 0.0541415 ]
 [ 0.50299305]
 [ 0.03680645]
 [-0.42165692]]
4/8: start from [[-0.00345732]
 [ 0.48593495]
 [ 0.03496635]
 [-0.39076186]], terminal at step 0
[[ 0.00626138]
 [ 0.50520061]
 [ 0.02715111]
 [-0.40513899]]
5/8: start from [[ 0.05857455]
 [ 0.47175042]
 [ 0.04633886]
 [-0.3801661 ]], terminal at step 0
[[ 0.06800956]
 [ 0.54821124]
 [ 0.03873554]
 [-0.45821059]]
6/8: start from [[ 0.06800956]
 [ 0.4381745 ]
 [ 0.03873554]
 [-0.3307549 ]], terminal at step 0
[[ 0.07677305]
 [ 0.51712573]
 [ 0.03212044]
 [-0.41341019]]
7/8: start from [[ 0.07677305]
 [ 0.43729718]
 [ 0.03212044]
 [-0.32094468]], terminal at step 0
[[ 0.08551899]
 [ 0.50151391]
 [ 0.02570155]
 [-0.38803479]]
Test step: 5000
,            Sample Size: 8
            starting from shield state, fail time: 8.0
,             ratio: 1.0            
