Sampled initial state is:
 [[-0.42575227]
 [ 0.22707555]]
sess has been restored from ../ddpg_chkp/selfdriving/300200300250200/model.chkp
min reward: -900
sess has been saved to ../ddpg_chkp/selfdriving/300200300250200/final_model.chkp
train run time: 0.173998117447 s
3/176: start from [[ 1.49780592]
 [-0.42064808]], terminal at step 8
[[ 2.00053641]
 [-0.12200795]]
6/176: start from [[ 1.55931405]
 [-0.39221364]], terminal at step 8
[[ 2.01586   ]
 [-0.09834782]]
21/176: start from [[ 1.33863027]
 [-0.62631706]], terminal at step 6
[[ 2.01941819]
 [-0.354662  ]]
22/176: start from [[ 1.45570411]
 [-0.48193291]], terminal at step 7
[[ 2.01189065]
 [-0.19956902]]
25/176: start from [[ 1.46633479]
 [-0.45218005]], terminal at step 8
[[ 2.01770452]
 [-0.14567684]]
32/176: start from [[ 1.53693914]
 [-0.39137834]], terminal at step 9
[[ 2.01352758]
 [-0.07083936]]
39/176: start from [[ 1.42424837]
 [-0.54580393]], terminal at step 6
[[ 2.00988387]
 [-0.28496108]]
40/176: start from [[ 1.52798929]
 [-0.40793949]], terminal at step 8
[[ 2.00995545]
 [-0.11124011]]
43/176: start from [[-1.43297187]
 [ 0.51098495]], terminal at step 10
[[-2.00199683]
 [-0.01833384]]
49/176: start from [[ 1.50408382]
 [-0.45789549]], terminal at step 7
[[ 2.02597299]
 [-0.17877367]]
65/176: start from [[ 1.53197773]
 [-0.40529145]], terminal at step 8
[[ 2.00975322]
 [-0.10916916]]
69/176: start from [[ 1.34750021]
 [-0.59293592]], terminal at step 7
[[ 2.05418417]
 [-0.29009708]]
70/176: start from [[ 1.45913872]
 [-0.45249905]], terminal at step 8
[[ 2.01142423]
 [-0.14643514]]
75/176: start from [[ 1.44605643]
 [-0.49871851]], terminal at step 7
[[ 2.02493793]
 [-0.21252827]]
78/176: start from [[ 1.1842913 ]
 [-0.71023038]], terminal at step 7
[[ 2.04759428]
 [-0.39413826]]
79/176: start from [[ 1.42089427]
 [-0.52498795]], terminal at step 7
[[ 2.03558388]
 [-0.23373557]]
80/176: start from [[ 1.52106876]
 [-0.39000013]], terminal at step 10
[[ 2.01091292]
 [-0.04367698]]
84/176: start from [[ 1.43692539]
 [-0.50522549]], terminal at step 7
[[ 2.02483703]
 [-0.21793234]]
89/176: start from [[ 1.47781042]
 [-0.46309103]], terminal at step 7
[[ 2.00788476]
 [-0.18431409]]
94/176: start from [[ 1.43577636]
 [-0.50714909]], terminal at step 7
[[ 2.02628118]
 [-0.21944001]]
95/176: start from [[ 1.53285822]
 [-0.37379681]], terminal at step 12
[[2.00131017]
 [0.01814409]]
97/176: start from [[ 1.29465928]
 [-0.6395544 ]], terminal at step 7
[[ 2.06380651]
 [-0.32992084]]
98/176: start from [[ 1.50889423]
 [-0.45907904]], terminal at step 7
[[ 2.0321291 ]
 [-0.17929736]]
101/176: start from [[ 1.49984805]
 [-0.4331991 ]], terminal at step 8
[[ 2.02105819]
 [-0.13030263]]
107/176: start from [[ 1.23623284]
 [-0.67248043]], terminal at step 7
[[ 2.04990292]
 [-0.36005681]]
108/176: start from [[ 1.46108693]
 [-0.49013184]], terminal at step 7
[[ 2.02788353]
 [-0.20519546]]
120/176: start from [[ 1.24796869]
 [-0.66380775]], terminal at step 7
[[ 2.05012962]
 [-0.35232689]]
121/176: start from [[ 1.47007891]
 [-0.48214409]], terminal at step 7
[[ 2.02585858]
 [-0.19873562]]
124/176: start from [[ 1.44069065]
 [-0.48531952]], terminal at step 7
[[ 2.00208543]
 [-0.20307691]]
129/176: start from [[ 1.50652227]
 [-0.45283284]], terminal at step 7
[[ 2.02154901]
 [-0.17496584]]
134/176: start from [[ 1.5213784 ]
 [-0.44058665]], terminal at step 7
[[ 2.01931032]
 [-0.16512997]]
141/176: start from [[ 1.51642698]
 [-0.3956151 ]], terminal at step 9
[[ 2.00151504]
 [-0.0751999 ]]
152/176: start from [[ 1.24133057]
 [-0.67426935]], terminal at step 7
[[ 2.05704602]
 [-0.36115187]]
153/176: start from [[ 1.46668808]
 [-0.49137151]], terminal at step 7
[[ 2.03486289]
 [-0.20572149]]
156/176: start from [[ 1.4484579 ]
 [-0.52383818]], terminal at step 6
[[ 2.00774624]
 [-0.26625548]]
157/176: start from [[ 1.54843405]
 [-0.3877127 ]], terminal at step 9
[[ 2.01815138]
 [-0.06758368]]
161/176: start from [[ 1.48466429]
 [-0.46823325]], terminal at step 7
[[ 2.02125635]
 [-0.18758113]]
164/176: start from [[ 1.46363157]
 [-0.47305289]], terminal at step 7
[[ 2.0076384 ]
 [-0.19253701]]
169/176: start from [[ 1.50405883]
 [-0.44036848]], terminal at step 7
[[ 2.00255219]
 [-0.16617045]]
174/176: start from [[ 1.5813959 ]
 [-0.35960435]], terminal at step 9
[[ 2.00279366]
 [-0.04739543]]
Test step: 5000
,            Sample Size: 176
            starting from shield state, fail time: 40.0
,             ratio: 0.227272727273            
