sess has been restored from ../ddpg_chkp/quadcopter/240200280240200/model.chkp
min reward: -900
sess has been saved to ../ddpg_chkp/quadcopter/240200280240200/final_model.chkp
train run time: 0.158684015274 s
0/209: start from [[-0.16520436]
 [-0.27852921]], terminal at step 0
[[-0.44373357]
 [ 1.1638362 ]]
1/209: start from [[-0.19947809]
 [-0.24715088]], terminal at step 0
[[-0.44662897]
 [ 1.09547831]]
2/209: start from [[ 0.13887837]
 [-0.40467866]], terminal at step 0
[[-0.26580029]
 [ 1.08212237]]
3/209: start from [[ 0.12111738]
 [-0.39590272]], terminal at step 0
[[-0.27478534]
 [ 1.07996825]]
4/209: start from [[-0.28944517]
 [-0.44886257]], terminal at step 0
[[-0.73830774]
 [ 1.60009573]]
5/209: start from [[-0.43244826]
 [-0.45945538]], terminal at step 0
[[-0.89190364]
 [ 1.56616651]]
6/209: start from [[-0.16426421]
 [-0.39714414]], terminal at step 0
[[-0.56140835]
 [ 1.55865449]]
7/209: start from [[-0.46938085]
 [-0.2358539 ]], terminal at step 0
[[-0.70523475]
 [ 1.18667294]]
8/209: start from [[ 0.15265096]
 [-0.45150176]], terminal at step 0
[[-0.2988508 ]
 [ 1.29240724]]
9/209: start from [[-0.1695293 ]
 [-0.24955135]], terminal at step 0
[[-0.41908065]
 [ 1.03735179]]
10/209: start from [[-0.12334809]
 [-0.43628462]], terminal at step 0
[[-0.55963271]
 [ 1.63903181]]
11/209: start from [[-0.18319889]
 [-0.42504621]], terminal at step 0
[[-0.6082451 ]
 [ 1.59859848]]
12/209: start from [[ 0.08848872]
 [-0.45838345]], terminal at step 0
[[-0.36989473]
 [ 1.47189199]]
13/209: start from [[-0.09980961]
 [-0.39455156]], terminal at step 0
[[-0.49436117]
 [ 1.49944897]]
14/209: start from [[-0.32498974]
 [-0.44556609]], terminal at step 0
[[-0.77055583]
 [ 1.58173308]]
15/209: start from [[-0.34517055]
 [-0.30292804]], terminal at step 0
[[-0.64809859]
 [ 1.3419457 ]]
16/209: start from [[-0.29881077]
 [-0.39438164]], terminal at step 0
[[-0.69319241]
 [ 1.50530565]]
17/209: start from [[-0.34488958]
 [-0.19192957]], terminal at step 0
[[-0.53681915]
 [ 1.11286355]]
18/209: start from [[-0.40896612]
 [-0.38717953]], terminal at step 0
[[-0.79614565]
 [ 1.4532698 ]]
19/209: start from [[-0.16085695]
 [-0.39801151]], terminal at step 0
[[-0.55886846]
 [ 1.56134325]]
20/209: start from [[-0.00604294]
 [-0.48142249]], terminal at step 0
[[-0.48746543]
 [ 1.68685215]]
21/209: start from [[-0.19760224]
 [-0.28176771]], terminal at step 0
[[-0.47936995]
 [ 1.22923471]]
22/209: start from [[-0.41578643]
 [-0.38011261]], terminal at step 0
[[-0.79589904]
 [ 1.43889336]]
24/209: start from [[ 0.23152855]
 [-0.4518524 ]], terminal at step 0
[[-0.22032385]
 [ 1.10496299]]
25/209: start from [[-0.1057932 ]
 [-0.43140947]], terminal at step 0
[[-0.53720267]
 [ 1.63298739]]
26/209: start from [[-0.45658129]
 [-0.1712059 ]], terminal at step 0
[[-0.62778719]
 [ 1.03066597]]
27/209: start from [[-0.41823998]
 [-0.48976503]], terminal at step 0
[[-0.90800501]
 [ 1.62200798]]
28/209: start from [[-0.33707974]
 [-0.37007954]], terminal at step 0
[[-0.70715928]
 [ 1.4505348 ]]
29/209: start from [[-0.45543472]
 [-0.49241762]], terminal at step 0
[[-0.94785234]
 [ 1.6130199 ]]
30/209: start from [[ 0.01413199]
 [-0.46583251]], terminal at step 0
[[-0.45170052]
 [ 1.60246893]]
31/209: start from [[-0.35809595]
 [-0.33874033]], terminal at step 0
[[-0.69683628]
 [ 1.39004507]]
32/209: start from [[-0.39617857]
 [-0.49297749]], terminal at step 0
[[-0.88915606]
 [ 1.63533295]]
33/209: start from [[-0.02684407]
 [-0.31126682]], terminal at step 0
[[-0.33811089]
 [ 1.00602611]]
34/209: start from [[-0.10335045]
 [-0.41272605]], terminal at step 0
[[-0.5160765 ]
 [ 1.57067096]]
35/209: start from [[ 0.10805419]
 [-0.3878817 ]], terminal at step 0
[[-0.27982751]
 [ 1.07046944]]
36/209: start from [[-0.18256066]
 [-0.27148098]], terminal at step 0
[[-0.45404164]
 [ 1.16864282]]
37/209: start from [[-0.37049938]
 [-0.4092622 ]], terminal at step 0
[[-0.77976158]
 [ 1.50435601]]
38/209: start from [[-0.18359946]
 [-0.48418737]], terminal at step 0
[[-0.66778683]
 [ 1.69729995]]
39/209: start from [[-0.45714904]
 [-0.39529934]], terminal at step 0
[[-0.85244838]
 [ 1.44947371]]
40/209: start from [[-0.33634282]
 [-0.39851938]], terminal at step 0
[[-0.7348622 ]
 [ 1.49866809]]
41/209: start from [[-0.12110001]
 [-0.46913146]], terminal at step 0
[[-0.59023147]
 [ 1.6947136 ]]
42/209: start from [[-0.49154377]
 [-0.17586855]], terminal at step 0
[[-0.66741232]
 [ 1.02056046]]
43/209: start from [[ 0.06238077]
 [-0.48137057]], terminal at step 0
[[-0.4189898 ]
 [ 1.59267294]]
44/209: start from [[-0.4690145 ]
 [-0.30161394]], terminal at step 0
[[-0.77062844]
 [ 1.3278762 ]]
45/209: start from [[-0.14311306]
 [-0.39412882]], terminal at step 0
[[-0.53724188]
 [ 1.55379865]]
46/209: start from [[ 0.01690673]
 [-0.36844887]], terminal at step 0
[[-0.35154214]
 [ 1.192021  ]]
47/209: start from [[-0.29068821]
 [-0.33679369]], terminal at step 0
[[-0.6274819 ]
 [ 1.41123769]]
48/209: start from [[-0.24196326]
 [-0.48186346]], terminal at step 0
[[-0.72382672]
 [ 1.67238883]]
49/209: start from [[-0.18086899]
 [-0.42764088]], terminal at step 0
[[-0.60850987]
 [ 1.60378698]]
50/209: start from [[-0.1007995 ]
 [-0.42772028]], terminal at step 0
[[-0.52851978]
 [ 1.62024501]]
51/209: start from [[-0.457119  ]
 [-0.18895262]], terminal at step 0
[[-0.64607162]
 [ 1.07899195]]
52/209: start from [[-0.09254394]
 [-0.41383111]], terminal at step 0
[[-0.50637505]
 [ 1.55981744]]
53/209: start from [[-0.1976342 ]
 [-0.40860347]], terminal at step 0
[[-0.60623767]
 [ 1.56581243]]
54/209: start from [[-0.49543813]
 [-0.34859063]], terminal at step 0
[[-0.84402876]
 [ 1.36456798]]
55/209: start from [[-0.45724263]
 [-0.47372161]], terminal at step 0
[[-0.93096424]
 [ 1.58109797]]
56/209: start from [[-0.35842306]
 [-0.44997053]], terminal at step 0
[[-0.80839359]
 [ 1.57702942]]
57/209: start from [[-0.22358864]
 [-0.2169086 ]], terminal at step 0
[[-0.44049724]
 [ 1.02629289]]
58/209: start from [[-0.44174154]
 [-0.44446509]], terminal at step 0
[[-0.88620663]
 [ 1.53767915]]
60/209: start from [[-0.38646302]
 [-0.38228016]], terminal at step 0
[[-0.76874318]
 [ 1.45317812]]
61/209: start from [[-0.2163662 ]
 [-0.26687375]], terminal at step 0
[[-0.48323995]
 [ 1.20636972]]
62/209: start from [[-0.0227181 ]
 [-0.49031222]], terminal at step 0
[[-0.51303032]
 [ 1.74197066]]
63/209: start from [[-0.36158005]
 [-0.23715851]], terminal at step 0
[[-0.59873856]
 [ 1.26279261]]
64/209: start from [[ 0.22082073]
 [-0.49103537]], terminal at step 0
[[-0.27021464]
 [ 1.3434479 ]]
65/209: start from [[-0.29229447]
 [-0.35944311]], terminal at step 0
[[-0.65173758]
 [ 1.44885595]]
66/209: start from [[ 0.04135322]
 [-0.36359744]], terminal at step 0
[[-0.32224422]
 [ 1.10790117]]
68/209: start from [[-0.48384395]
 [-0.31437741]], terminal at step 0
[[-0.79822136]
 [ 1.33787884]]
69/209: start from [[-0.32645772]
 [-0.46640621]], terminal at step 0
[[-0.79286393]
 [ 1.61608447]]
70/209: start from [[-0.25206188]
 [-0.27560779]], terminal at step 0
[[-0.52766967]
 [ 1.28451339]]
71/209: start from [[ 0.18278911]
 [-0.45493775]], terminal at step 0
[[-0.27214864]
 [ 1.2382651 ]]
72/209: start from [[ 0.02999916]
 [-0.36250779]], terminal at step 0
[[-0.33250863]
 [ 1.13048962]]
73/209: start from [[-0.30984868]
 [-0.21533904]], terminal at step 0
[[-0.52518772]
 [ 1.18004575]]
74/209: start from [[ 0.19309115]
 [-0.46442544]], terminal at step 0
[[-0.27133429]
 [ 1.26395321]]
75/209: start from [[-0.31558973]
 [-0.45069877]], terminal at step 0
[[-0.7662885 ]
 [ 1.59372529]]
76/209: start from [[-0.49976229]
 [-0.35405857]], terminal at step 0
[[-0.85382086]
 [ 1.36841362]]
78/209: start from [[-0.25366429]
 [-0.24605584]], terminal at step 0
[[-0.49972013]
 [ 1.19952071]]
79/209: start from [[-0.228822  ]
 [-0.22269482]], terminal at step 0
[[-0.45151682]
 [ 1.06223183]]
80/209: start from [[-0.390316  ]
 [-0.38487462]], terminal at step 0
[[-0.77519062]
 [ 1.45615026]]
81/209: start from [[-0.16103833]
 [-0.41472573]], terminal at step 0
[[-0.57576406]
 [ 1.58931332]]
82/209: start from [[ 0.35187805]
 [-0.4920724 ]], terminal at step 0
[[-0.14019435]
 [ 1.03398568]]
83/209: start from [[-0.47084938]
 [-0.19004699]], terminal at step 0
[[-0.66089637]
 [ 1.07340995]]
84/209: start from [[-0.17144107]
 [-0.24249176]], terminal at step 0
[[-0.41393283]
 [ 1.01126071]]
85/209: start from [[-0.35924427]
 [-0.18668659]], terminal at step 0
[[-0.54593086]
 [ 1.10304503]]
86/209: start from [[-0.48276344]
 [-0.3257452 ]], terminal at step 0
[[-0.80850864]
 [ 1.34989312]]
87/209: start from [[-0.4263935 ]
 [-0.39167543]], terminal at step 0
[[-0.81806893]
 [ 1.45452206]]
89/209: start from [[-0.45933983]
 [-0.36091073]], terminal at step 0
[[-0.82025056]
 [ 1.39070801]]
90/209: start from [[-0.27369919]
 [-0.23052458]], terminal at step 0
[[-0.50422377]
 [ 1.18241747]]
91/209: start from [[ 0.30536323]
 [-0.47499239]], terminal at step 0
[[-0.16962916]
 [ 1.05333543]]
92/209: start from [[-0.18098107]
 [-0.49025286]], terminal at step 0
[[-0.67123393]
 [ 1.70835339]]
93/209: start from [[-0.27214255]
 [-0.28218326]], terminal at step 0
[[-0.55432581]
 [ 1.32910362]]
95/209: start from [[ 0.12162034]
 [-0.46692584]], terminal at step 0
[[-0.3453055 ]
 [ 1.44174196]]
96/209: start from [[ 0.27428905]
 [-0.47280543]], terminal at step 0
[[-0.19851638]
 [ 1.11570079]]
97/209: start from [[-0.08876907]
 [-0.42154599]], terminal at step 0
[[-0.51031506]
 [ 1.58274888]]
98/209: start from [[-0.07031338]
 [-0.36863242]], terminal at step 0
[[-0.4389458 ]
 [ 1.36384179]]
99/209: start from [[ 0.06403936]
 [-0.35684595]], terminal at step 0
[[-0.29280659]
 [ 1.01873376]]
100/209: start from [[-0.39338253]
 [-0.27986904]], terminal at step 0
[[-0.67325157]
 [ 1.32266633]]
101/209: start from [[-0.25997369]
 [-0.34708089]], terminal at step 0
[[-0.60705458]
 [ 1.43974238]]
103/209: start from [[-0.10773533]
 [-0.39975958]], terminal at step 0
[[-0.50749491]
 [ 1.52940054]]
104/209: start from [[-0.30411364]
 [-0.20139567]], terminal at step 0
[[-0.50550931]
 [ 1.1154513 ]]
105/209: start from [[-0.15283642]
 [-0.49225652]], terminal at step 0
[[-0.64509294]
 [ 1.72182739]]
106/209: start from [[-0.4612416]
 [-0.42107  ]], terminal at step 0
[[-0.8823116 ]
 [ 1.49134169]]
108/209: start from [[ 0.04483226]
 [-0.40268677]], terminal at step 0
[[-0.35785451]
 [ 1.29361219]]
109/209: start from [[ 0.38111588]
 [-0.49965228]], terminal at step 0
[[-0.1185364 ]
 [ 1.00497519]]
110/209: start from [[-0.40686695]
 [-0.20901494]], terminal at step 0
[[-0.61588189]
 [ 1.16147084]]
111/209: start from [[-0.07340499]
 [-0.35153753]], terminal at step 0
[[-0.42494252]
 [ 1.30545669]]
112/209: start from [[-0.24716557]
 [-0.21021736]], terminal at step 0
[[-0.45738293]
 [ 1.05033409]]
113/209: start from [[-0.2470414 ]
 [-0.26221408]], terminal at step 0
[[-0.50925548]
 [ 1.23725985]]
114/209: start from [[-0.03807561]
 [-0.41679671]], terminal at step 0
[[-0.45487232]
 [ 1.49557516]]
115/209: start from [[-0.03390825]
 [-0.37182078]], terminal at step 0
[[-0.40572903]
 [ 1.31878724]]
117/209: start from [[ 0.21196288]
 [-0.45397325]], terminal at step 0
[[-0.24201037]
 [ 1.16296951]]
118/209: start from [[-0.46789988]
 [-0.39041395]], terminal at step 0
[[-0.85831383]
 [ 1.43734818]]
119/209: start from [[-0.18449715]
 [-0.49455676]], terminal at step 0
[[-0.67905391]
 [ 1.71425786]]
120/209: start from [[-0.18329127]
 [-0.46486217]], terminal at step 0
[[-0.64815344]
 [ 1.66516417]]
121/209: start from [[-0.31438379]
 [-0.27119594]], terminal at step 0
[[-0.58557973]
 [ 1.31897063]]
122/209: start from [[-0.38965712]
 [-0.35383445]], terminal at step 0
[[-0.74349157]
 [ 1.40406495]]
123/209: start from [[-0.39317635]
 [-0.31685306]], terminal at step 0
[[-0.71002941]
 [ 1.34850632]]
125/209: start from [[-0.32271196]
 [-0.26612689]], terminal at step 0
[[-0.58883885]
 [ 1.31367872]]
126/209: start from [[-0.47263762]
 [-0.39191475]], terminal at step 0
[[-0.86455237]
 [ 1.43815813]]
127/209: start from [[-0.4951501 ]
 [-0.24293443]], terminal at step 0
[[-0.73808453]
 [ 1.18505946]]
128/209: start from [[-0.22398673]
 [-0.41843898]], terminal at step 0
[[-0.64242571]
 [ 1.57277863]]
129/209: start from [[-0.34047824]
 [-0.26461909]], terminal at step 0
[[-0.60509733]
 [ 1.31014314]]
130/209: start from [[-0.42844237]
 [-0.1577374 ]], terminal at step 0
[[-0.58617977]
 [ 1.00890002]]
131/209: start from [[-0.49241343]
 [-0.17630709]], terminal at step 0
[[-0.66872052]
 [ 1.02123737]]
132/209: start from [[-0.22475099]
 [-0.32803239]], terminal at step 0
[[-0.55278338]
 [ 1.41955946]]
133/209: start from [[-0.19075315]
 [-0.4083082 ]], terminal at step 0
[[-0.59906135]
 [ 1.56780619]]
134/209: start from [[ 0.11280232]
 [-0.41636659]], terminal at step 0
[[-0.30356427]
 [ 1.20883762]]
135/209: start from [[-0.3231234 ]
 [-0.43989972]], terminal at step 0
[[-0.76302312]
 [ 1.57291337]]
136/209: start from [[-0.44521755]
 [-0.2049386 ]], terminal at step 0
[[-0.65015615]
 [ 1.12568646]]
137/209: start from [[-0.49595828]
 [-0.43586775]], terminal at step 0
[[-0.93182603]
 [ 1.50363354]]
138/209: start from [[-0.01431385]
 [-0.34867739]], terminal at step 0
[[-0.36299124]
 [ 1.16653503]]
139/209: start from [[-0.4713569 ]
 [-0.36123261]], terminal at step 0
[[-0.83258951]
 [ 1.38688817]]
140/209: start from [[-0.201936  ]
 [-0.29180889]], terminal at step 0
[[-0.49374489]
 [ 1.26852675]]
141/209: start from [[-0.4723192 ]
 [-0.19777644]], terminal at step 0
[[-0.67009564]
 [ 1.09163487]]
142/209: start from [[-0.19248013]
 [-0.33285864]], terminal at step 0
[[-0.52533877]
 [ 1.40164368]]
143/209: start from [[-0.30864196]
 [-0.43153249]], terminal at step 0
[[-0.74017445]
 [ 1.56412305]]
144/209: start from [[-0.4303723 ]
 [-0.17036457]], terminal at step 0
[[-0.60073687]
 [ 1.0455883 ]]
145/209: start from [[-0.28979684]
 [-0.45993134]], terminal at step 0
[[-0.74972818]
 [ 1.61849073]]
146/209: start from [[-0.49945353]
 [-0.39040543]], terminal at step 0
[[-0.88985896]
 [ 1.42589067]]
148/209: start from [[-0.23900271]
 [-0.49543179]], terminal at step 0
[[-0.7344345 ]
 [ 1.69608413]]
149/209: start from [[-0.39675849]
 [-0.36153589]], terminal at step 0
[[-0.75829438]
 [ 1.41448046]]
150/209: start from [[-0.25704914]
 [-0.29688897]], terminal at step 0
[[-0.55393811]
 [ 1.35333023]]
151/209: start from [[-0.06178916]
 [-0.36394652]], terminal at step 0
[[-0.42573568]
 [ 1.33486489]]
152/209: start from [[-0.46360004]
 [-0.2015087 ]], terminal at step 0
[[-0.66510874]
 [ 1.10612148]]
153/209: start from [[-0.01814729]
 [-0.39651591]], terminal at step 0
[[-0.4146632 ]
 [ 1.39389652]]
154/209: start from [[-0.38756568]
 [-0.39599846]], terminal at step 0
[[-0.78356414]
 [ 1.47587087]]
155/209: start from [[ 0.29494216]
 [-0.4670599 ]], terminal at step 0
[[-0.17211774]
 [ 1.03575344]]
156/209: start from [[-0.33601195]
 [-0.3435322 ]], terminal at step 0
[[-0.67954415]
 [ 1.40615488]]
157/209: start from [[-0.10121455]
 [-0.28056103]], terminal at step 0
[[-0.38177558]
 [ 1.03047019]]
158/209: start from [[-0.11152239]
 [-0.34929316]], terminal at step 0
[[-0.46081555]
 [ 1.34992333]]
159/209: start from [[-0.05226701]
 [-0.32146501]], terminal at step 0
[[-0.37373202]
 [ 1.1191901 ]]
160/209: start from [[-0.18638073]
 [-0.47232976]], terminal at step 0
[[-0.65871049]
 [ 1.67651734]]
161/209: start from [[-0.41282949]
 [-0.2503114 ]], terminal at step 0
[[-0.66314089]
 [ 1.26258585]]
162/209: start from [[-0.03778616]
 [-0.47794459]], terminal at step 0
[[-0.51573075]
 [ 1.717783  ]]
163/209: start from [[-0.42734793]
 [-0.18517821]], terminal at step 0
[[-0.61252614]
 [ 1.08762915]]
164/209: start from [[ 0.13402217]
 [-0.40576177]], terminal at step 0
[[-0.2717396 ]
 [ 1.09995706]]
165/209: start from [[ 0.15469816]
 [-0.4675099 ]], terminal at step 0
[[-0.31281174]
 [ 1.36883863]]
166/209: start from [[ 0.11713968]
 [-0.43090207]], terminal at step 0
[[-0.31376239]
 [ 1.27006286]]
167/209: start from [[-0.2082116 ]
 [-0.22974992]], terminal at step 0
[[-0.43796152]
 [ 1.04478919]]
168/209: start from [[-0.25220937]
 [-0.39630203]], terminal at step 0
[[-0.6485114 ]
 [ 1.52540882]]
169/209: start from [[-0.45453088]
 [-0.33075549]], terminal at step 0
[[-0.78528637]
 [ 1.35485385]]
170/209: start from [[-0.49887626]
 [-0.48873649]], terminal at step 0
[[-0.98761275]
 [ 1.59118619]]
171/209: start from [[ 0.13985326]
 [-0.48790731]], terminal at step 0
[[-0.34805405]
 [ 1.50355325]]
172/209: start from [[-0.42284349]
 [-0.22613413]], terminal at step 0
[[-0.64897762]
 [ 1.1962338 ]]
173/209: start from [[-0.38227263]
 [-0.31401837]], terminal at step 0
[[-0.696291  ]
 [ 1.34714413]]
174/209: start from [[-0.19230255]
 [-0.35096702]], terminal at step 0
[[-0.54326957]
 [ 1.46422663]]
175/209: start from [[-0.02364178]
 [-0.34506101]], terminal at step 0
[[-0.36870279]
 [ 1.16978758]]
176/209: start from [[-0.31256114]
 [-0.48026531]], terminal at step 0
[[-0.79282645]
 [ 1.64426262]]
177/209: start from [[-0.49929825]
 [-0.38473378]], terminal at step 0
[[-0.88403203]
 [ 1.41638817]]
178/209: start from [[ 0.16243548]
 [-0.46671792]], terminal at step 0
[[-0.30428244]
 [ 1.34706334]]
179/209: start from [[-0.0473101 ]
 [-0.42806195]], terminal at step 0
[[-0.47537205]
 [ 1.54941703]]
180/209: start from [[-0.19551808]
 [-0.32314143]], terminal at step 0
[[-0.51865951]
 [ 1.37020805]]
181/209: start from [[-0.06357475]
 [-0.33922864]], terminal at step 0
[[-0.40280339]
 [ 1.22948503]]
182/209: start from [[-0.02512652]
 [-0.34349163]], terminal at step 0
[[-0.36861815]
 [ 1.16558914]]
183/209: start from [[-0.23905869]
 [-0.25513643]], terminal at step 0
[[-0.49419512]
 [ 1.20510155]]
184/209: start from [[ 0.16137322]
 [-0.41603583]], terminal at step 0
[[-0.25466261]
 [ 1.08612901]]
185/209: start from [[-0.10009815]
 [-0.35000684]], terminal at step 0
[[-0.45010499]
 [ 1.33673284]]
186/209: start from [[-0.38422354]
 [-0.31719919]], terminal at step 0
[[-0.70142273]
 [ 1.35038201]]
188/209: start from [[-0.3986899 ]
 [-0.20369276]], terminal at step 0
[[-0.60238266]
 [ 1.15224544]]
189/209: start from [[-0.38809107]
 [-0.44564123]], terminal at step 0
[[-0.8337323 ]
 [ 1.55905085]]
190/209: start from [[-0.45303709]
 [-0.33942352]], terminal at step 0
[[-0.79246061]
 [ 1.36147525]]
191/209: start from [[-0.33044521]
 [-0.39190855]], terminal at step 0
[[-0.72235376]
 [ 1.48968718]]
192/209: start from [[ 0.13569447]
 [-0.42950313]], terminal at step 0
[[-0.29380866]
 [ 1.22121568]]
193/209: start from [[-0.3955495 ]
 [-0.16178547]], terminal at step 0
[[-0.55733497]
 [ 1.02461053]]
194/209: start from [[ 0.27403817]
 [-0.47667219]], terminal at step 0
[[-0.20263402]
 [ 1.13707255]]
195/209: start from [[ 0.19039192]
 [-0.49942393]], terminal at step 0
[[-0.30903201]
 [ 1.45295112]]
196/209: start from [[ 0.07182946]
 [-0.45251098]], terminal at step 0
[[-0.38068152]
 [ 1.47446797]]
197/209: start from [[-0.05897218]
 [-0.49457985]], terminal at step 0
[[-0.55355203]
 [ 1.75947923]]
198/209: start from [[-0.35555627]
 [-0.29314363]], terminal at step 0
[[-0.6486999 ]
 [ 1.33489609]]
200/209: start from [[ 0.04499602]
 [-0.42006872]], terminal at step 0
[[-0.3750727]
 [ 1.3812541]]
201/209: start from [[-0.43284102]
 [-0.37851896]], terminal at step 0
[[-0.81135998]
 [ 1.43002198]]
202/209: start from [[-0.35557138]
 [-0.25596807]], terminal at step 0
[[-0.61153945]
 [ 1.2973856 ]]
203/209: start from [[-0.27914051]
 [-0.33936107]], terminal at step 0
[[-0.61850158]
 [ 1.41976333]]
204/209: start from [[-0.48378514]
 [-0.43951013]], terminal at step 0
[[-0.92329527]
 [ 1.51415465]]
205/209: start from [[-0.35035418]
 [-0.33192291]], terminal at step 0
[[-0.68227709]
 [ 1.38134227]]
207/209: start from [[ 0.1362922 ]
 [-0.48588309]], terminal at step 0
[[-0.34959089]
 [ 1.5014936 ]]
208/209: start from [[-0.22090018]
 [-0.22959279]], terminal at step 0
[[-0.45049297]
 [ 1.07199098]]
Test step: 5000
,            Sample Size: 209
            starting from shield state, fail time: 195.0
,             ratio: 0.933014354067            
